<?xml version="1.0" encoding="utf-8"?>
<TestRun id="646ace6e-a171-426f-8f6a-405658666f57" name="Toshimoto@TOSHIMOTO-LAPTO 2025-11-14 09:30:17" runUser="TOSHIMOTO-LAPTO\Toshimoto" xmlns="http://microsoft.com/schemas/VisualStudio/TeamTest/2010">
  <Times creation="2025-11-14T09:30:17.9575176+02:00" queuing="2025-11-14T09:30:17.9575182+02:00" start="2025-11-14T09:29:34.1507587+02:00" finish="2025-11-14T09:30:59.7052282+02:00" />
  <TestSettings name="default" id="af47efd6-fa63-4f8b-9f6a-574fae2d9134">
    <Deployment runDeploymentRoot="Toshimoto_TOSHIMOTO-LAPTO_2025-11-14_09_30_17" />
  </TestSettings>
  <Results>
    <UnitTestResult executionId="d245b46a-4838-4a91-a098-78bae8989b02" testId="b832a65d-a074-9b5b-83a0-90ab4bc23fe1" testName="IrishWildsBalance_Mobile" computerName="TOSHIMOTO-LAPTO" duration="00:00:41.6836030" startTime="2025-11-14T09:30:17.8865316+02:00" endTime="2025-11-14T09:30:59.5701331+02:00" testType="13cdc9d9-ddb5-4fa4-a97d-d965ccfc6d4b" outcome="Failed" testListId="8c84fa94-04c1-424b-9868-57a2d4851a1d" relativeResultsDirectory="d245b46a-4838-4a91-a098-78bae8989b02">
      <Output>
        <StdOut>[PlaywrightDriver] Created Mobile context (iPhone 13 Pro emulation).&#xD;
[IrishWildsPage] Navigated to products: https://www.spinberry.com/#products&#xD;
[IrishWildsPage] Accepted cookies.&#xD;
[IrishWildsPage] Found 'Play game' link. Clicking...&#xD;
[IrishWildsPage] No popup after Play game (or timeout): Element is not visible&#xD;
Call log:&#xD;
  - waiting for Locator("//h4[normalize-space()='Irish Wilds']/following::a[contains(@class,'showreel') and contains(@class,'play')][1]").First&#xD;
    - locator resolved to &lt;a target="_blank" class="showreel play" rel="noopener noreferrer" href="https://tinyurl.com/39hjjjf3"&gt;…&lt;/a&gt;&#xD;
  - attempting click action&#xD;
    - scrolling into view if needed&#xD;
[IrishWildsPage] Navigating to fallback GameUrl.&#xD;
[IrishWildsPage] On game host page: https://d21j22mhfwmuah.cloudfront.net/0Debug/SB_HTML5_IrishWilds94/index.html?gameCode=SB_HTML5_IrishWilds94&amp;token=DEMO_PP_cb1d0c4e-0b01-4825-a07e-f34bc88c4c55&amp;homeUrl=spinberrysite&amp;rgsUrl=https://rgstorgs.stage.pariplaygames.com&amp;lang=EN&amp;DebugMode=False&amp;currencyCode=USD&amp;disableRotation=False&amp;ExtraData=networkId%3dPP&amp;HideCoins=True&amp;CoinsDefault=True&#xD;
[IrishWildsPage] Frames on current page: 1&#xD;
[IrishWildsPage] No specific iframe; using main frame.&#xD;
[IrishWildsPage] Initial game frame: https://d21j22mhfwmuah.cloudfront.net/0Debug/SB_HTML5_IrishWilds94/index.html?gameCode=SB_HTML5_IrishWilds94&amp;token=DEMO_PP_cb1d0c4e-0b01-4825-a07e-f34bc88c4c55&amp;homeUrl=spinberrysite&amp;rgsUrl=https://rgstorgs.stage.pariplaygames.com&amp;lang=EN&amp;DebugMode=False&amp;currencyCode=USD&amp;disableRotation=False&amp;ExtraData=networkId%3dPP&amp;HideCoins=True&amp;CoinsDefault=True&#xD;
[IrishWildsPage] Intro Play button found. Clicking...&#xD;
[IrishWildsPage] No popup after intro Play, waiting for navigation...&#xD;
[IrishWildsPage] WaitForNavigation after intro Play failed: Timeout 15000ms exceeded.&#xD;
=========================== logs ===========================&#xD;
waiting for navigation until "NetworkIdle"&#xD;
============================================================&#xD;
[IrishWildsPage] Frames on current page: 1&#xD;
[IrishWildsPage] No specific iframe; using main frame.&#xD;
[IrishWildsPage] Game UI detected (balance &amp; spin present).&#xD;
[IrishWildsPage] (Balance) Using selector '[class*="balance" i], [id*="balance" i], [class*="credit" i]' (found 1).&#xD;
[IrishWildsPage] Balance: 2000.00 (BALANCE&#xD;
$2,000.00)&#xD;
[IrishWildsPage] (Stake/Bet) Using selector '[class*="bet" i], [class*="stake" i]' (found 3).</StdOut>
        <ErrorInfo>
          <Message>System.ArgumentException : Amount text is null or empty.</Message>
          <StackTrace>   at Casino.Games.Utils.BalanceHelper.ParseAmount(String raw) in E:\Visual Studio Projects\TestProject\casino-games-automation\src\Casino.Games\Utils\BalanceHelper.cs:line 20&#xD;
   at Casino.Games.Pages.IrishWildsPage.GetStakePerSpinAsync() in E:\Visual Studio Projects\TestProject\casino-games-automation\src\Casino.Games\Pages\IrishWildsPage.cs:line 346&#xD;
   at Casino.Games.Tests.IrishWildsBalanceTests.IrishWildsBalance_Mobile() in E:\Visual Studio Projects\TestProject\casino-games-automation\src\Casino.Games\Tests\IrishWildsBalanceTests.cs:line 50&#xD;
   at Casino.Games.Tests.IrishWildsBalanceTests.IrishWildsBalance_Mobile() in E:\Visual Studio Projects\TestProject\casino-games-automation\src\Casino.Games\Tests\IrishWildsBalanceTests.cs:line 66&#xD;
   at NUnit.Framework.Internal.TaskAwaitAdapter.GenericAdapter`1.BlockUntilCompleted()&#xD;
   at NUnit.Framework.Internal.MessagePumpStrategy.NoMessagePumpStrategy.WaitForCompletion(AwaitAdapter awaiter)&#xD;
   at NUnit.Framework.Internal.AsyncToSyncAdapter.Await[TResult](Func`1 invoke)&#xD;
   at NUnit.Framework.Internal.AsyncToSyncAdapter.Await(Func`1 invoke)&#xD;
   at NUnit.Framework.Internal.Commands.TestMethodCommand.RunTestMethod(TestExecutionContext context)&#xD;
   at NUnit.Framework.Internal.Commands.TestMethodCommand.Execute(TestExecutionContext context)&#xD;
   at NUnit.Framework.Internal.Execution.SimpleWorkItem.&lt;&gt;c__DisplayClass3_0.&lt;PerformWork&gt;b__0()&#xD;
   at NUnit.Framework.Internal.ContextUtils.&lt;&gt;c__DisplayClass1_0`1.&lt;DoIsolated&gt;b__0(Object _)&#xD;
   at System.Threading.ExecutionContext.RunInternal(ExecutionContext executionContext, ContextCallback callback, Object state)&#xD;
--- End of stack trace from previous location ---&#xD;
   at System.Threading.ExecutionContext.RunInternal(ExecutionContext executionContext, ContextCallback callback, Object state)&#xD;
   at NUnit.Framework.Internal.ContextUtils.DoIsolated(ContextCallback callback, Object state)&#xD;
   at NUnit.Framework.Internal.ContextUtils.DoIsolated[T](Func`1 func)&#xD;
   at NUnit.Framework.Internal.Execution.SimpleWorkItem.PerformWork()
</StackTrace>
        </ErrorInfo>
      </Output>
    </UnitTestResult>
    <UnitTestResult executionId="00e21692-786f-4a53-aefe-32c6c4ae63b9" testId="0fd393d9-7a9a-d6be-c542-59ecc543d4a3" testName="IrishWildsBalance_Desktop" computerName="TOSHIMOTO-LAPTO" duration="00:00:42.8576490" startTime="2025-11-14T09:29:35.0270687+02:00" endTime="2025-11-14T09:30:17.8846200+02:00" testType="13cdc9d9-ddb5-4fa4-a97d-d965ccfc6d4b" outcome="Failed" testListId="8c84fa94-04c1-424b-9868-57a2d4851a1d" relativeResultsDirectory="00e21692-786f-4a53-aefe-32c6c4ae63b9">
      <Output>
        <StdOut>[PlaywrightDriver] Created Desktop context (headed).&#xD;
[IrishWildsPage] Navigated to products: https://www.spinberry.com/#products&#xD;
[IrishWildsPage] Accepted cookies.&#xD;
[IrishWildsPage] Found 'Play game' link. Clicking...&#xD;
[IrishWildsPage] Popup detected after Play game. Url: https://d21j22mhfwmuah.cloudfront.net/0Debug/SB_HTML5_IrishWilds94/index.html?gameCode=SB_HTML5_IrishWilds94&amp;token=DEMO_PP_0dbc7000-edf3-414b-94df-f6eeb573ef64&amp;homeUrl=spinberrysite&amp;rgsUrl=https://rgstorgs.stage.pariplaygames.com&amp;lang=EN&amp;DebugMode=False&amp;currencyCode=USD&amp;disableRotation=False&amp;ExtraData=networkId%3dPP&amp;HideCoins=True&amp;CoinsDefault=True&#xD;
[IrishWildsPage] On game host page: https://d21j22mhfwmuah.cloudfront.net/0Debug/SB_HTML5_IrishWilds94/index.html?gameCode=SB_HTML5_IrishWilds94&amp;token=DEMO_PP_0dbc7000-edf3-414b-94df-f6eeb573ef64&amp;homeUrl=spinberrysite&amp;rgsUrl=https://rgstorgs.stage.pariplaygames.com&amp;lang=EN&amp;DebugMode=False&amp;currencyCode=USD&amp;disableRotation=False&amp;ExtraData=networkId%3dPP&amp;HideCoins=True&amp;CoinsDefault=True&#xD;
[IrishWildsPage] Frames on current page: 1&#xD;
[IrishWildsPage] No specific iframe; using main frame.&#xD;
[IrishWildsPage] Initial game frame: https://d21j22mhfwmuah.cloudfront.net/0Debug/SB_HTML5_IrishWilds94/index.html?gameCode=SB_HTML5_IrishWilds94&amp;token=DEMO_PP_0dbc7000-edf3-414b-94df-f6eeb573ef64&amp;homeUrl=spinberrysite&amp;rgsUrl=https://rgstorgs.stage.pariplaygames.com&amp;lang=EN&amp;DebugMode=False&amp;currencyCode=USD&amp;disableRotation=False&amp;ExtraData=networkId%3dPP&amp;HideCoins=True&amp;CoinsDefault=True&#xD;
[IrishWildsPage] Intro Play button found. Clicking...&#xD;
[IrishWildsPage] No popup after intro Play, waiting for navigation...&#xD;
[IrishWildsPage] WaitForNavigation after intro Play failed: Timeout 15000ms exceeded.&#xD;
=========================== logs ===========================&#xD;
waiting for navigation until "NetworkIdle"&#xD;
============================================================&#xD;
[IrishWildsPage] Frames on current page: 1&#xD;
[IrishWildsPage] No specific iframe; using main frame.&#xD;
[IrishWildsPage] Game UI detected (balance &amp; spin present).&#xD;
[IrishWildsPage] (Balance) Using selector '[class*="balance" i], [id*="balance" i], [class*="credit" i]' (found 1).&#xD;
[IrishWildsPage] Balance: 2000.00 (BALANCE&#xD;
$2,000.00)&#xD;
[IrishWildsPage] (Stake/Bet) Using selector '[class*="bet" i], [class*="stake" i]' (found 3).</StdOut>
        <ErrorInfo>
          <Message>System.ArgumentException : Amount text is null or empty.</Message>
          <StackTrace>   at Casino.Games.Utils.BalanceHelper.ParseAmount(String raw) in E:\Visual Studio Projects\TestProject\casino-games-automation\src\Casino.Games\Utils\BalanceHelper.cs:line 20&#xD;
   at Casino.Games.Pages.IrishWildsPage.GetStakePerSpinAsync() in E:\Visual Studio Projects\TestProject\casino-games-automation\src\Casino.Games\Pages\IrishWildsPage.cs:line 346&#xD;
   at Casino.Games.Tests.IrishWildsBalanceTests.IrishWildsBalance_Desktop() in E:\Visual Studio Projects\TestProject\casino-games-automation\src\Casino.Games\Tests\IrishWildsBalanceTests.cs:line 22&#xD;
   at Casino.Games.Tests.IrishWildsBalanceTests.IrishWildsBalance_Desktop() in E:\Visual Studio Projects\TestProject\casino-games-automation\src\Casino.Games\Tests\IrishWildsBalanceTests.cs:line 38&#xD;
   at NUnit.Framework.Internal.TaskAwaitAdapter.GenericAdapter`1.BlockUntilCompleted()&#xD;
   at NUnit.Framework.Internal.MessagePumpStrategy.NoMessagePumpStrategy.WaitForCompletion(AwaitAdapter awaiter)&#xD;
   at NUnit.Framework.Internal.AsyncToSyncAdapter.Await[TResult](Func`1 invoke)&#xD;
   at NUnit.Framework.Internal.AsyncToSyncAdapter.Await(Func`1 invoke)&#xD;
   at NUnit.Framework.Internal.Commands.TestMethodCommand.RunTestMethod(TestExecutionContext context)&#xD;
   at NUnit.Framework.Internal.Commands.TestMethodCommand.Execute(TestExecutionContext context)&#xD;
   at NUnit.Framework.Internal.Execution.SimpleWorkItem.&lt;&gt;c__DisplayClass3_0.&lt;PerformWork&gt;b__0()&#xD;
   at NUnit.Framework.Internal.ContextUtils.&lt;&gt;c__DisplayClass1_0`1.&lt;DoIsolated&gt;b__0(Object _)&#xD;
   at System.Threading.ExecutionContext.RunInternal(ExecutionContext executionContext, ContextCallback callback, Object state)&#xD;
--- End of stack trace from previous location ---&#xD;
   at System.Threading.ExecutionContext.RunInternal(ExecutionContext executionContext, ContextCallback callback, Object state)&#xD;
   at NUnit.Framework.Internal.ContextUtils.DoIsolated(ContextCallback callback, Object state)&#xD;
   at NUnit.Framework.Internal.ContextUtils.DoIsolated[T](Func`1 func)&#xD;
   at NUnit.Framework.Internal.Execution.SimpleWorkItem.PerformWork()
</StackTrace>
        </ErrorInfo>
      </Output>
    </UnitTestResult>
  </Results>
  <TestDefinitions>
    <UnitTest name="IrishWildsBalance_Desktop" storage="e:\visual studio projects\testproject\casino-games-automation\src\casino.games\bin\debug\net9.0\casino.games.dll" id="0fd393d9-7a9a-d6be-c542-59ecc543d4a3">
      <Execution id="00e21692-786f-4a53-aefe-32c6c4ae63b9" />
      <TestMethod codeBase="E:\Visual Studio Projects\TestProject\casino-games-automation\src\Casino.Games\bin\Debug\net9.0\Casino.Games.dll" adapterTypeName="executor://nunit3testexecutor/" className="Casino.Games.Tests.IrishWildsBalanceTests" name="IrishWildsBalance_Desktop" />
    </UnitTest>
    <UnitTest name="IrishWildsBalance_Mobile" storage="e:\visual studio projects\testproject\casino-games-automation\src\casino.games\bin\debug\net9.0\casino.games.dll" id="b832a65d-a074-9b5b-83a0-90ab4bc23fe1">
      <Execution id="d245b46a-4838-4a91-a098-78bae8989b02" />
      <TestMethod codeBase="E:\Visual Studio Projects\TestProject\casino-games-automation\src\Casino.Games\bin\Debug\net9.0\Casino.Games.dll" adapterTypeName="executor://nunit3testexecutor/" className="Casino.Games.Tests.IrishWildsBalanceTests" name="IrishWildsBalance_Mobile" />
    </UnitTest>
  </TestDefinitions>
  <TestEntries>
    <TestEntry testId="b832a65d-a074-9b5b-83a0-90ab4bc23fe1" executionId="d245b46a-4838-4a91-a098-78bae8989b02" testListId="8c84fa94-04c1-424b-9868-57a2d4851a1d" />
    <TestEntry testId="0fd393d9-7a9a-d6be-c542-59ecc543d4a3" executionId="00e21692-786f-4a53-aefe-32c6c4ae63b9" testListId="8c84fa94-04c1-424b-9868-57a2d4851a1d" />
  </TestEntries>
  <TestLists>
    <TestList name="Results Not in a List" id="8c84fa94-04c1-424b-9868-57a2d4851a1d" />
    <TestList name="All Loaded Results" id="19431567-8539-422a-85d7-44ee4e166bda" />
  </TestLists>
  <ResultSummary outcome="Failed">
    <Counters total="2" executed="2" passed="0" failed="2" error="0" timeout="0" aborted="0" inconclusive="0" passedButRunAborted="0" notRunnable="0" notExecuted="0" disconnected="0" warning="0" completed="0" inProgress="0" pending="0" />
    <Output>
      <StdOut>NUnit Adapter 5.2.0.0: Test execution started&#xD;
Running selected tests in E:\Visual Studio Projects\TestProject\casino-games-automation\src\Casino.Games\bin\Debug\net9.0\Casino.Games.dll&#xD;
   NUnit3TestExecutor discovered 2 of 2 NUnit test cases using Current Discovery mode, Non-Explicit run&#xD;
[PlaywrightDriver] Created Desktop context (headed).&#xD;
[IrishWildsPage] Navigated to products: https://www.spinberry.com/#products&#xD;
[IrishWildsPage] Accepted cookies.&#xD;
[IrishWildsPage] Found 'Play game' link. Clicking...&#xD;
[IrishWildsPage] Popup detected after Play game. Url: https://d21j22mhfwmuah.cloudfront.net/0Debug/SB_HTML5_IrishWilds94/index.html?gameCode=SB_HTML5_IrishWilds94&amp;token=DEMO_PP_0dbc7000-edf3-414b-94df-f6eeb573ef64&amp;homeUrl=spinberrysite&amp;rgsUrl=https://rgstorgs.stage.pariplaygames.com&amp;lang=EN&amp;DebugMode=False&amp;currencyCode=USD&amp;disableRotation=False&amp;ExtraData=networkId%3dPP&amp;HideCoins=True&amp;CoinsDefault=True&#xD;
[IrishWildsPage] On game host page: https://d21j22mhfwmuah.cloudfront.net/0Debug/SB_HTML5_IrishWilds94/index.html?gameCode=SB_HTML5_IrishWilds94&amp;token=DEMO_PP_0dbc7000-edf3-414b-94df-f6eeb573ef64&amp;homeUrl=spinberrysite&amp;rgsUrl=https://rgstorgs.stage.pariplaygames.com&amp;lang=EN&amp;DebugMode=False&amp;currencyCode=USD&amp;disableRotation=False&amp;ExtraData=networkId%3dPP&amp;HideCoins=True&amp;CoinsDefault=True&#xD;
[IrishWildsPage] Frames on current page: 1&#xD;
[IrishWildsPage] No specific iframe; using main frame.&#xD;
[IrishWildsPage] Initial game frame: https://d21j22mhfwmuah.cloudfront.net/0Debug/SB_HTML5_IrishWilds94/index.html?gameCode=SB_HTML5_IrishWilds94&amp;token=DEMO_PP_0dbc7000-edf3-414b-94df-f6eeb573ef64&amp;homeUrl=spinberrysite&amp;rgsUrl=https://rgstorgs.stage.pariplaygames.com&amp;lang=EN&amp;DebugMode=False&amp;currencyCode=USD&amp;disableRotation=False&amp;ExtraData=networkId%3dPP&amp;HideCoins=True&amp;CoinsDefault=True&#xD;
[IrishWildsPage] Intro Play button found. Clicking...&#xD;
[IrishWildsPage] No popup after intro Play, waiting for navigation...&#xD;
[IrishWildsPage] WaitForNavigation after intro Play failed: Timeout 15000ms exceeded.&#xD;
=========================== logs ===========================&#xD;
waiting for navigation until "NetworkIdle"&#xD;
============================================================&#xD;
[IrishWildsPage] Frames on current page: 1&#xD;
[IrishWildsPage] No specific iframe; using main frame.&#xD;
[IrishWildsPage] Game UI detected (balance &amp; spin present).&#xD;
[IrishWildsPage] (Balance) Using selector '[class*="balance" i], [id*="balance" i], [class*="credit" i]' (found 1).&#xD;
[IrishWildsPage] Balance: 2000.00 (BALANCE&#xD;
$2,000.00)&#xD;
[IrishWildsPage] (Stake/Bet) Using selector '[class*="bet" i], [class*="stake" i]' (found 3).&#xD;
&#xD;
[PlaywrightDriver] Created Mobile context (iPhone 13 Pro emulation).&#xD;
[IrishWildsPage] Navigated to products: https://www.spinberry.com/#products&#xD;
[IrishWildsPage] Accepted cookies.&#xD;
[IrishWildsPage] Found 'Play game' link. Clicking...&#xD;
[IrishWildsPage] No popup after Play game (or timeout): Element is not visible&#xD;
Call log:&#xD;
  - waiting for Locator("//h4[normalize-space()='Irish Wilds']/following::a[contains(@class,'showreel') and contains(@class,'play')][1]").First&#xD;
    - locator resolved to &lt;a target="_blank" class="showreel play" rel="noopener noreferrer" href="https://tinyurl.com/39hjjjf3"&gt;…&lt;/a&gt;&#xD;
  - attempting click action&#xD;
    - scrolling into view if needed&#xD;
[IrishWildsPage] Navigating to fallback GameUrl.&#xD;
[IrishWildsPage] On game host page: https://d21j22mhfwmuah.cloudfront.net/0Debug/SB_HTML5_IrishWilds94/index.html?gameCode=SB_HTML5_IrishWilds94&amp;token=DEMO_PP_cb1d0c4e-0b01-4825-a07e-f34bc88c4c55&amp;homeUrl=spinberrysite&amp;rgsUrl=https://rgstorgs.stage.pariplaygames.com&amp;lang=EN&amp;DebugMode=False&amp;currencyCode=USD&amp;disableRotation=False&amp;ExtraData=networkId%3dPP&amp;HideCoins=True&amp;CoinsDefault=True&#xD;
[IrishWildsPage] Frames on current page: 1&#xD;
[IrishWildsPage] No specific iframe; using main frame.&#xD;
[IrishWildsPage] Initial game frame: https://d21j22mhfwmuah.cloudfront.net/0Debug/SB_HTML5_IrishWilds94/index.html?gameCode=SB_HTML5_IrishWilds94&amp;token=DEMO_PP_cb1d0c4e-0b01-4825-a07e-f34bc88c4c55&amp;homeUrl=spinberrysite&amp;rgsUrl=https://rgstorgs.stage.pariplaygames.com&amp;lang=EN&amp;DebugMode=False&amp;currencyCode=USD&amp;disableRotation=False&amp;ExtraData=networkId%3dPP&amp;HideCoins=True&amp;CoinsDefault=True&#xD;
[IrishWildsPage] Intro Play button found. Clicking...&#xD;
[IrishWildsPage] No popup after intro Play, waiting for navigation...&#xD;
[IrishWildsPage] WaitForNavigation after intro Play failed: Timeout 15000ms exceeded.&#xD;
=========================== logs ===========================&#xD;
waiting for navigation until "NetworkIdle"&#xD;
============================================================&#xD;
[IrishWildsPage] Frames on current page: 1&#xD;
[IrishWildsPage] No specific iframe; using main frame.&#xD;
[IrishWildsPage] Game UI detected (balance &amp; spin present).&#xD;
[IrishWildsPage] (Balance) Using selector '[class*="balance" i], [id*="balance" i], [class*="credit" i]' (found 1).&#xD;
[IrishWildsPage] Balance: 2000.00 (BALANCE&#xD;
$2,000.00)&#xD;
[IrishWildsPage] (Stake/Bet) Using selector '[class*="bet" i], [class*="stake" i]' (found 3).&#xD;
&#xD;
NUnit Adapter 5.2.0.0: Test execution complete&#xD;
</StdOut>
    </Output>
  </ResultSummary>
</TestRun>