<?xml version="1.0" encoding="utf-8"?>
<TestRun id="57acb9ee-0c09-4e46-acbf-8dd53dfa7c74" name="Toshimoto@TOSHIMOTO-LAPTO 2025-11-14 10:04:36" runUser="TOSHIMOTO-LAPTO\Toshimoto" xmlns="http://microsoft.com/schemas/VisualStudio/TeamTest/2010">
  <Times creation="2025-11-14T10:04:36.7188013+02:00" queuing="2025-11-14T10:04:36.7188016+02:00" start="2025-11-14T10:03:27.0237565+02:00" finish="2025-11-14T10:05:47.1467255+02:00" />
  <TestSettings name="default" id="bfa8adae-0819-4267-9ab3-c67c13486612">
    <Deployment runDeploymentRoot="Toshimoto_TOSHIMOTO-LAPTO_2025-11-14_10_04_36" />
  </TestSettings>
  <Results>
    <UnitTestResult executionId="36d95479-9c47-4998-a479-e69e57722cd6" testId="b832a65d-a074-9b5b-83a0-90ab4bc23fe1" testName="IrishWildsBalance_Mobile" computerName="TOSHIMOTO-LAPTO" duration="00:01:10.4093190" startTime="2025-11-14T10:04:36.6266504+02:00" endTime="2025-11-14T10:05:47.0359692+02:00" testType="13cdc9d9-ddb5-4fa4-a97d-d965ccfc6d4b" outcome="Failed" testListId="8c84fa94-04c1-424b-9868-57a2d4851a1d" relativeResultsDirectory="36d95479-9c47-4998-a479-e69e57722cd6">
      <Output>
        <StdOut>[PlaywrightDriver] Created Mobile context (iPhone 13 Pro emulation).&#xD;
[IrishWildsPage] Navigated to products: https://www.spinberry.com/#products&#xD;
[IrishWildsPage] Accepted cookies.&#xD;
[IrishWildsPage] Found 'Play game' link. Clicking...&#xD;
[IrishWildsPage] No popup after Play game (or timeout): Element is not visible&#xD;
Call log:&#xD;
  - waiting for Locator("//h4[normalize-space()='Irish Wilds']/following::a[contains(@class,'showreel') and contains(@class,'play')][1]").First&#xD;
    - locator resolved to &lt;a target="_blank" class="showreel play" rel="noopener noreferrer" href="https://tinyurl.com/39hjjjf3"&gt;…&lt;/a&gt;&#xD;
  - attempting click action&#xD;
    - scrolling into view if needed&#xD;
[IrishWildsPage] Navigating to fallback GameUrl.&#xD;
[IrishWildsPage] On game host page: https://d21j22mhfwmuah.cloudfront.net/0Debug/SB_HTML5_IrishWilds94/index.html?gameCode=SB_HTML5_IrishWilds94&amp;token=DEMO_PP_1bc470e2-8d2b-442a-8449-248be564050a&amp;homeUrl=spinberrysite&amp;rgsUrl=https://rgstorgs.stage.pariplaygames.com&amp;lang=EN&amp;DebugMode=False&amp;currencyCode=USD&amp;disableRotation=False&amp;ExtraData=networkId%3dPP&amp;HideCoins=True&amp;CoinsDefault=True&#xD;
[IrishWildsPage] Frames on current page: 1&#xD;
[IrishWildsPage] No specific iframe; using main frame.&#xD;
[IrishWildsPage] Initial game frame: https://d21j22mhfwmuah.cloudfront.net/0Debug/SB_HTML5_IrishWilds94/index.html?gameCode=SB_HTML5_IrishWilds94&amp;token=DEMO_PP_1bc470e2-8d2b-442a-8449-248be564050a&amp;homeUrl=spinberrysite&amp;rgsUrl=https://rgstorgs.stage.pariplaygames.com&amp;lang=EN&amp;DebugMode=False&amp;currencyCode=USD&amp;disableRotation=False&amp;ExtraData=networkId%3dPP&amp;HideCoins=True&amp;CoinsDefault=True&#xD;
[IrishWildsPage] Intro Play button found. Clicking...&#xD;
[IrishWildsPage] No popup after intro Play, waiting for navigation...&#xD;
[IrishWildsPage] WaitForNavigation after intro Play failed: Timeout 15000ms exceeded.&#xD;
=========================== logs ===========================&#xD;
waiting for navigation until "NetworkIdle"&#xD;
============================================================&#xD;
[IrishWildsPage] Frames on current page: 1&#xD;
[IrishWildsPage] No specific iframe; using main frame.&#xD;
[IrishWildsPage] Game UI detected (balance &amp; spin present).&#xD;
[IrishWildsPage] (Balance) Using selector '[class*="balance" i], [id*="balance" i], [class*="credit" i]' (found 1).&#xD;
[IrishWildsPage] Balance: 2000.00 (BALANCE&#xD;
$2,000.00)&#xD;
[IrishWildsPage] (Stake/Bet) Using selector '[class*="bet" i], [class*="stake" i]' (found 3).&#xD;
[IrishWildsPage] Stake text is empty – returning 0 as fallback.&#xD;
[IrishWildsPage] (Balance) Using selector '[class*="balance" i], [id*="balance" i], [class*="credit" i]' (found 1).&#xD;
[IrishWildsPage] Balance: 2000.00 (BALANCE&#xD;
$2,000.00)&#xD;
[IrishWildsPage] PressSpaceForSpinAsync started.&#xD;
[IrishWildsPage] Canvas count = 1&#xD;
[IrishWildsPage] First canvas click for focus.&#xD;
[IrishWildsPage] JS Space injection executed.&#xD;
[IrishWildsPage] Second canvas click + Keyboard.Press(" ").&#xD;
[IrishWildsPage] PressSpaceForSpinAsync finished.&#xD;
[IrishWildsPage] (Balance) Using selector '[class*="balance" i], [id*="balance" i], [class*="credit" i]' (found 1).&#xD;
[IrishWildsPage] Balance: 1998.00 (BALANCE&#xD;
$1,998.00)&#xD;
[IrishWildsPage] Balance changed. Spin complete.&#xD;
[IrishWildsPage] (Balance) Using selector '[class*="balance" i], [id*="balance" i], [class*="credit" i]' (found 1).&#xD;
[IrishWildsPage] Balance: 1998.00 (BALANCE&#xD;
$1,998.00)&#xD;
[IrishWildsPage] (Balance) Using selector '[class*="balance" i], [id*="balance" i], [class*="credit" i]' (found 1).&#xD;
[IrishWildsPage] Balance: 1998.00 (BALANCE&#xD;
$1,998.00)&#xD;
[IrishWildsPage] PressSpaceForSpinAsync started.&#xD;
[IrishWildsPage] Canvas count = 1&#xD;
[IrishWildsPage] First canvas click for focus.&#xD;
[IrishWildsPage] JS Space injection executed.&#xD;
[IrishWildsPage] Second canvas click + Keyboard.Press(" ").&#xD;
[IrishWildsPage] PressSpaceForSpinAsync finished.&#xD;
[IrishWildsPage] (Balance) Using selector '[class*="balance" i], [id*="balance" i], [class*="credit" i]' (found 1).&#xD;
[IrishWildsPage] Balance: 1996.00 (BALANCE&#xD;
$1,996.00)&#xD;
[IrishWildsPage] Balance changed. Spin complete.&#xD;
[IrishWildsPage] (Balance) Using selector '[class*="balance" i], [id*="balance" i], [class*="credit" i]' (found 1).&#xD;
[IrishWildsPage] Balance: 1996.00 (BALANCE&#xD;
$1,996.00)&#xD;
[IrishWildsPage] (Balance) Using selector '[class*="balance" i], [id*="balance" i], [class*="credit" i]' (found 1).&#xD;
[IrishWildsPage] Balance: 1996.00 (BALANCE&#xD;
$1,996.00)&#xD;
[IrishWildsPage] PressSpaceForSpinAsync started.&#xD;
[IrishWildsPage] Canvas count = 1&#xD;
[IrishWildsPage] First canvas click for focus.&#xD;
[IrishWildsPage] JS Space injection executed.&#xD;
[IrishWildsPage] Second canvas click + Keyboard.Press(" ").&#xD;
[IrishWildsPage] PressSpaceForSpinAsync finished.&#xD;
[IrishWildsPage] (Balance) Using selector '[class*="balance" i], [id*="balance" i], [class*="credit" i]' (found 1).&#xD;
[IrishWildsPage] Balance: 1994.00 (BALANCE&#xD;
$1,994.00)&#xD;
[IrishWildsPage] Balance changed. Spin complete.&#xD;
[IrishWildsPage] (Balance) Using selector '[class*="balance" i], [id*="balance" i], [class*="credit" i]' (found 1).&#xD;
[IrishWildsPage] Balance: 1994.00 (BALANCE&#xD;
$1,994.00)&#xD;
[IrishWildsPage] (Balance) Using selector '[class*="balance" i], [id*="balance" i], [class*="credit" i]' (found 1).&#xD;
[IrishWildsPage] Balance: 1994.00 (BALANCE&#xD;
$1,994.00)&#xD;
[IrishWildsPage] PressSpaceForSpinAsync started.&#xD;
[IrishWildsPage] Canvas count = 1&#xD;
[IrishWildsPage] First canvas click for focus.&#xD;
[IrishWildsPage] JS Space injection executed.&#xD;
[IrishWildsPage] Second canvas click + Keyboard.Press(" ").&#xD;
[IrishWildsPage] PressSpaceForSpinAsync finished.&#xD;
[IrishWildsPage] (Balance) Using selector '[class*="balance" i], [id*="balance" i], [class*="credit" i]' (found 1).&#xD;
[IrishWildsPage] Balance: 1992.00 (BALANCE&#xD;
$1,992.00)&#xD;
[IrishWildsPage] Balance changed. Spin complete.&#xD;
[IrishWildsPage] (Balance) Using selector '[class*="balance" i], [id*="balance" i], [class*="credit" i]' (found 1).&#xD;
[IrishWildsPage] Balance: 1992.00 (BALANCE&#xD;
$1,992.00)&#xD;
[IrishWildsPage] (Balance) Using selector '[class*="balance" i], [id*="balance" i], [class*="credit" i]' (found 1).&#xD;
[IrishWildsPage] Balance: 1992.00 (BALANCE&#xD;
$1,992.00)&#xD;
[IrishWildsPage] PressSpaceForSpinAsync started.&#xD;
[IrishWildsPage] Canvas count = 1&#xD;
[IrishWildsPage] First canvas click for focus.&#xD;
[IrishWildsPage] JS Space injection executed.&#xD;
[IrishWildsPage] Second canvas click + Keyboard.Press(" ").&#xD;
[IrishWildsPage] PressSpaceForSpinAsync finished.&#xD;
[IrishWildsPage] (Balance) Using selector '[class*="balance" i], [id*="balance" i], [class*="credit" i]' (found 1).&#xD;
[IrishWildsPage] Balance: 1992.00 (BALANCE&#xD;
$1,992.00)&#xD;
[IrishWildsPage] (Balance) Using selector '[class*="balance" i], [id*="balance" i], [class*="credit" i]' (found 1).&#xD;
[IrishWildsPage] Balance: 1992.00 (BALANCE&#xD;
$1,992.00)&#xD;
[IrishWildsPage] (Balance) Using selector '[class*="balance" i], [id*="balance" i], [class*="credit" i]' (found 1).&#xD;
[IrishWildsPage] Balance: 1992.00 (BALANCE&#xD;
$1,992.00)&#xD;
[IrishWildsPage] (Balance) Using selector '[class*="balance" i], [id*="balance" i], [class*="credit" i]' (found 1).&#xD;
[IrishWildsPage] Balance: 2010.20 (BALANCE&#xD;
$2,010.20)&#xD;
[IrishWildsPage] Balance changed. Spin complete.&#xD;
[IrishWildsPage] (Balance) Using selector '[class*="balance" i], [id*="balance" i], [class*="credit" i]' (found 1).&#xD;
[IrishWildsPage] Balance: 2010.20 (BALANCE&#xD;
$2,010.20)&#xD;
[IrishWildsPage] (Balance) Using selector '[class*="balance" i], [id*="balance" i], [class*="credit" i]' (found 1).&#xD;
[IrishWildsPage] Balance: 2010.20 (BALANCE&#xD;
$2,010.20)</StdOut>
        <ErrorInfo>
          <Message>  Stake per spin should be &gt; 0.&#xD;
Assert.That(stake, Is.GreaterThan(0m))&#xD;
  Expected: greater than 0m&#xD;
  But was:  0m&#xD;
</Message>
          <StackTrace>   at Casino.Games.Tests.IrishWildsBalanceTests.IrishWildsBalance_Mobile() in E:\Visual Studio Projects\TestProject\casino-games-automation\src\Casino.Games\Tests\IrishWildsBalanceTests.cs:line 66&#xD;
   at Casino.Games.Tests.IrishWildsBalanceTests.IrishWildsBalance_Mobile() in E:\Visual Studio Projects\TestProject\casino-games-automation\src\Casino.Games\Tests\IrishWildsBalanceTests.cs:line 66&#xD;
   at NUnit.Framework.Internal.TaskAwaitAdapter.GenericAdapter`1.BlockUntilCompleted()&#xD;
   at NUnit.Framework.Internal.MessagePumpStrategy.NoMessagePumpStrategy.WaitForCompletion(AwaitAdapter awaiter)&#xD;
   at NUnit.Framework.Internal.AsyncToSyncAdapter.Await[TResult](Func`1 invoke)&#xD;
   at NUnit.Framework.Internal.AsyncToSyncAdapter.Await(Func`1 invoke)&#xD;
   at NUnit.Framework.Internal.Commands.TestMethodCommand.RunTestMethod(TestExecutionContext context)&#xD;
   at NUnit.Framework.Internal.Commands.TestMethodCommand.Execute(TestExecutionContext context)&#xD;
   at NUnit.Framework.Internal.Execution.SimpleWorkItem.&lt;&gt;c__DisplayClass3_0.&lt;PerformWork&gt;b__0()&#xD;
   at NUnit.Framework.Internal.ContextUtils.&lt;&gt;c__DisplayClass1_0`1.&lt;DoIsolated&gt;b__0(Object _)&#xD;

1)    at Casino.Games.Tests.IrishWildsBalanceTests.IrishWildsBalance_Mobile() in E:\Visual Studio Projects\TestProject\casino-games-automation\src\Casino.Games\Tests\IrishWildsBalanceTests.cs:line 66&#xD;

</StackTrace>
        </ErrorInfo>
      </Output>
    </UnitTestResult>
    <UnitTestResult executionId="b80d0153-0b71-4b8b-8820-84db6c0a00ab" testId="0fd393d9-7a9a-d6be-c542-59ecc543d4a3" testName="IrishWildsBalance_Desktop" computerName="TOSHIMOTO-LAPTO" duration="00:01:08.8387730" startTime="2025-11-14T10:03:27.7859409+02:00" endTime="2025-11-14T10:04:36.6245961+02:00" testType="13cdc9d9-ddb5-4fa4-a97d-d965ccfc6d4b" outcome="Failed" testListId="8c84fa94-04c1-424b-9868-57a2d4851a1d" relativeResultsDirectory="b80d0153-0b71-4b8b-8820-84db6c0a00ab">
      <Output>
        <StdOut>[PlaywrightDriver] Created Desktop context (headed).&#xD;
[IrishWildsPage] Navigated to products: https://www.spinberry.com/#products&#xD;
[IrishWildsPage] Accepted cookies.&#xD;
[IrishWildsPage] Found 'Play game' link. Clicking...&#xD;
[IrishWildsPage] Popup detected after Play game. Url: https://d21j22mhfwmuah.cloudfront.net/0Debug/SB_HTML5_IrishWilds94/index.html?gameCode=SB_HTML5_IrishWilds94&amp;token=DEMO_PP_78a4d621-d0ae-4fe6-adf4-2a52ffbc0a21&amp;homeUrl=spinberrysite&amp;rgsUrl=https://rgstorgs.stage.pariplaygames.com&amp;lang=EN&amp;DebugMode=False&amp;currencyCode=USD&amp;disableRotation=False&amp;ExtraData=networkId%3dPP&amp;HideCoins=True&amp;CoinsDefault=True&#xD;
[IrishWildsPage] On game host page: https://d21j22mhfwmuah.cloudfront.net/0Debug/SB_HTML5_IrishWilds94/index.html?gameCode=SB_HTML5_IrishWilds94&amp;token=DEMO_PP_78a4d621-d0ae-4fe6-adf4-2a52ffbc0a21&amp;homeUrl=spinberrysite&amp;rgsUrl=https://rgstorgs.stage.pariplaygames.com&amp;lang=EN&amp;DebugMode=False&amp;currencyCode=USD&amp;disableRotation=False&amp;ExtraData=networkId%3dPP&amp;HideCoins=True&amp;CoinsDefault=True&#xD;
[IrishWildsPage] Frames on current page: 1&#xD;
[IrishWildsPage] No specific iframe; using main frame.&#xD;
[IrishWildsPage] Initial game frame: https://d21j22mhfwmuah.cloudfront.net/0Debug/SB_HTML5_IrishWilds94/index.html?gameCode=SB_HTML5_IrishWilds94&amp;token=DEMO_PP_78a4d621-d0ae-4fe6-adf4-2a52ffbc0a21&amp;homeUrl=spinberrysite&amp;rgsUrl=https://rgstorgs.stage.pariplaygames.com&amp;lang=EN&amp;DebugMode=False&amp;currencyCode=USD&amp;disableRotation=False&amp;ExtraData=networkId%3dPP&amp;HideCoins=True&amp;CoinsDefault=True&#xD;
[IrishWildsPage] Intro Play button found. Clicking...&#xD;
[IrishWildsPage] No popup after intro Play, waiting for navigation...&#xD;
[IrishWildsPage] WaitForNavigation after intro Play failed: Timeout 15000ms exceeded.&#xD;
=========================== logs ===========================&#xD;
waiting for navigation until "NetworkIdle"&#xD;
============================================================&#xD;
[IrishWildsPage] Frames on current page: 1&#xD;
[IrishWildsPage] No specific iframe; using main frame.&#xD;
[IrishWildsPage] Game UI detected (balance &amp; spin present).&#xD;
[IrishWildsPage] (Balance) Using selector '[class*="balance" i], [id*="balance" i], [class*="credit" i]' (found 1).&#xD;
[IrishWildsPage] Balance: 2000.00 (BALANCE&#xD;
$2,000.00)&#xD;
[IrishWildsPage] (Stake/Bet) Using selector '[class*="bet" i], [class*="stake" i]' (found 3).&#xD;
[IrishWildsPage] Stake text is empty – returning 0 as fallback.&#xD;
[IrishWildsPage] (Balance) Using selector '[class*="balance" i], [id*="balance" i], [class*="credit" i]' (found 1).&#xD;
[IrishWildsPage] Balance: 2000.00 (BALANCE&#xD;
$2,000.00)&#xD;
[IrishWildsPage] PressSpaceForSpinAsync started.&#xD;
[IrishWildsPage] Canvas count = 1&#xD;
[IrishWildsPage] First canvas click for focus.&#xD;
[IrishWildsPage] JS Space injection executed.&#xD;
[IrishWildsPage] Second canvas click + Keyboard.Press(" ").&#xD;
[IrishWildsPage] PressSpaceForSpinAsync finished.&#xD;
[IrishWildsPage] (Balance) Using selector '[class*="balance" i], [id*="balance" i], [class*="credit" i]' (found 1).&#xD;
[IrishWildsPage] Balance: 1998.00 (BALANCE&#xD;
$1,998.00)&#xD;
[IrishWildsPage] Balance changed. Spin complete.&#xD;
[IrishWildsPage] (Balance) Using selector '[class*="balance" i], [id*="balance" i], [class*="credit" i]' (found 1).&#xD;
[IrishWildsPage] Balance: 1998.00 (BALANCE&#xD;
$1,998.00)&#xD;
[IrishWildsPage] (Balance) Using selector '[class*="balance" i], [id*="balance" i], [class*="credit" i]' (found 1).&#xD;
[IrishWildsPage] Balance: 1998.00 (BALANCE&#xD;
$1,998.00)&#xD;
[IrishWildsPage] PressSpaceForSpinAsync started.&#xD;
[IrishWildsPage] Canvas count = 1&#xD;
[IrishWildsPage] First canvas click for focus.&#xD;
[IrishWildsPage] JS Space injection executed.&#xD;
[IrishWildsPage] Second canvas click + Keyboard.Press(" ").&#xD;
[IrishWildsPage] PressSpaceForSpinAsync finished.&#xD;
[IrishWildsPage] (Balance) Using selector '[class*="balance" i], [id*="balance" i], [class*="credit" i]' (found 1).&#xD;
[IrishWildsPage] Balance: 1996.00 (BALANCE&#xD;
$1,996.00)&#xD;
[IrishWildsPage] Balance changed. Spin complete.&#xD;
[IrishWildsPage] (Balance) Using selector '[class*="balance" i], [id*="balance" i], [class*="credit" i]' (found 1).&#xD;
[IrishWildsPage] Balance: 1996.00 (BALANCE&#xD;
$1,996.00)&#xD;
[IrishWildsPage] (Balance) Using selector '[class*="balance" i], [id*="balance" i], [class*="credit" i]' (found 1).&#xD;
[IrishWildsPage] Balance: 1996.00 (BALANCE&#xD;
$1,996.00)&#xD;
[IrishWildsPage] PressSpaceForSpinAsync started.&#xD;
[IrishWildsPage] Canvas count = 1&#xD;
[IrishWildsPage] First canvas click for focus.&#xD;
[IrishWildsPage] JS Space injection executed.&#xD;
[IrishWildsPage] Second canvas click + Keyboard.Press(" ").&#xD;
[IrishWildsPage] PressSpaceForSpinAsync finished.&#xD;
[IrishWildsPage] (Balance) Using selector '[class*="balance" i], [id*="balance" i], [class*="credit" i]' (found 1).&#xD;
[IrishWildsPage] Balance: 1994.00 (BALANCE&#xD;
$1,994.00)&#xD;
[IrishWildsPage] Balance changed. Spin complete.&#xD;
[IrishWildsPage] (Balance) Using selector '[class*="balance" i], [id*="balance" i], [class*="credit" i]' (found 1).&#xD;
[IrishWildsPage] Balance: 1994.00 (BALANCE&#xD;
$1,994.00)&#xD;
[IrishWildsPage] (Balance) Using selector '[class*="balance" i], [id*="balance" i], [class*="credit" i]' (found 1).&#xD;
[IrishWildsPage] Balance: 1994.00 (BALANCE&#xD;
$1,994.00)&#xD;
[IrishWildsPage] PressSpaceForSpinAsync started.&#xD;
[IrishWildsPage] Canvas count = 1&#xD;
[IrishWildsPage] First canvas click for focus.&#xD;
[IrishWildsPage] JS Space injection executed.&#xD;
[IrishWildsPage] Second canvas click + Keyboard.Press(" ").&#xD;
[IrishWildsPage] PressSpaceForSpinAsync finished.&#xD;
[IrishWildsPage] (Balance) Using selector '[class*="balance" i], [id*="balance" i], [class*="credit" i]' (found 1).&#xD;
[IrishWildsPage] Balance: 1993.80 (BALANCE&#xD;
$1,993.80)&#xD;
[IrishWildsPage] Balance changed. Spin complete.&#xD;
[IrishWildsPage] (Balance) Using selector '[class*="balance" i], [id*="balance" i], [class*="credit" i]' (found 1).&#xD;
[IrishWildsPage] Balance: 1993.80 (BALANCE&#xD;
$1,993.80)&#xD;
[IrishWildsPage] (Balance) Using selector '[class*="balance" i], [id*="balance" i], [class*="credit" i]' (found 1).&#xD;
[IrishWildsPage] Balance: 1993.80 (BALANCE&#xD;
$1,993.80)&#xD;
[IrishWildsPage] PressSpaceForSpinAsync started.&#xD;
[IrishWildsPage] Canvas count = 1&#xD;
[IrishWildsPage] First canvas click for focus.&#xD;
[IrishWildsPage] JS Space injection executed.&#xD;
[IrishWildsPage] Second canvas click + Keyboard.Press(" ").&#xD;
[IrishWildsPage] PressSpaceForSpinAsync finished.&#xD;
[IrishWildsPage] (Balance) Using selector '[class*="balance" i], [id*="balance" i], [class*="credit" i]' (found 1).&#xD;
[IrishWildsPage] Balance: 1991.80 (BALANCE&#xD;
$1,991.80)&#xD;
[IrishWildsPage] Balance changed. Spin complete.&#xD;
[IrishWildsPage] (Balance) Using selector '[class*="balance" i], [id*="balance" i], [class*="credit" i]' (found 1).&#xD;
[IrishWildsPage] Balance: 1991.80 (BALANCE&#xD;
$1,991.80)&#xD;
[IrishWildsPage] (Balance) Using selector '[class*="balance" i], [id*="balance" i], [class*="credit" i]' (found 1).&#xD;
[IrishWildsPage] Balance: 1991.80 (BALANCE&#xD;
$1,991.80)</StdOut>
        <ErrorInfo>
          <Message>  Stake per spin should be &gt; 0.&#xD;
Assert.That(stake, Is.GreaterThan(0m))&#xD;
  Expected: greater than 0m&#xD;
  But was:  0m&#xD;
</Message>
          <StackTrace>   at Casino.Games.Tests.IrishWildsBalanceTests.IrishWildsBalance_Desktop() in E:\Visual Studio Projects\TestProject\casino-games-automation\src\Casino.Games\Tests\IrishWildsBalanceTests.cs:line 38&#xD;
   at Casino.Games.Tests.IrishWildsBalanceTests.IrishWildsBalance_Desktop() in E:\Visual Studio Projects\TestProject\casino-games-automation\src\Casino.Games\Tests\IrishWildsBalanceTests.cs:line 38&#xD;
   at NUnit.Framework.Internal.TaskAwaitAdapter.GenericAdapter`1.BlockUntilCompleted()&#xD;
   at NUnit.Framework.Internal.MessagePumpStrategy.NoMessagePumpStrategy.WaitForCompletion(AwaitAdapter awaiter)&#xD;
   at NUnit.Framework.Internal.AsyncToSyncAdapter.Await[TResult](Func`1 invoke)&#xD;
   at NUnit.Framework.Internal.AsyncToSyncAdapter.Await(Func`1 invoke)&#xD;
   at NUnit.Framework.Internal.Commands.TestMethodCommand.RunTestMethod(TestExecutionContext context)&#xD;
   at NUnit.Framework.Internal.Commands.TestMethodCommand.Execute(TestExecutionContext context)&#xD;
   at NUnit.Framework.Internal.Execution.SimpleWorkItem.&lt;&gt;c__DisplayClass3_0.&lt;PerformWork&gt;b__0()&#xD;
   at NUnit.Framework.Internal.ContextUtils.&lt;&gt;c__DisplayClass1_0`1.&lt;DoIsolated&gt;b__0(Object _)&#xD;

1)    at Casino.Games.Tests.IrishWildsBalanceTests.IrishWildsBalance_Desktop() in E:\Visual Studio Projects\TestProject\casino-games-automation\src\Casino.Games\Tests\IrishWildsBalanceTests.cs:line 38&#xD;

</StackTrace>
        </ErrorInfo>
      </Output>
    </UnitTestResult>
  </Results>
  <TestDefinitions>
    <UnitTest name="IrishWildsBalance_Desktop" storage="e:\visual studio projects\testproject\casino-games-automation\src\casino.games\bin\debug\net9.0\casino.games.dll" id="0fd393d9-7a9a-d6be-c542-59ecc543d4a3">
      <Execution id="b80d0153-0b71-4b8b-8820-84db6c0a00ab" />
      <TestMethod codeBase="E:\Visual Studio Projects\TestProject\casino-games-automation\src\Casino.Games\bin\Debug\net9.0\Casino.Games.dll" adapterTypeName="executor://nunit3testexecutor/" className="Casino.Games.Tests.IrishWildsBalanceTests" name="IrishWildsBalance_Desktop" />
    </UnitTest>
    <UnitTest name="IrishWildsBalance_Mobile" storage="e:\visual studio projects\testproject\casino-games-automation\src\casino.games\bin\debug\net9.0\casino.games.dll" id="b832a65d-a074-9b5b-83a0-90ab4bc23fe1">
      <Execution id="36d95479-9c47-4998-a479-e69e57722cd6" />
      <TestMethod codeBase="E:\Visual Studio Projects\TestProject\casino-games-automation\src\Casino.Games\bin\Debug\net9.0\Casino.Games.dll" adapterTypeName="executor://nunit3testexecutor/" className="Casino.Games.Tests.IrishWildsBalanceTests" name="IrishWildsBalance_Mobile" />
    </UnitTest>
  </TestDefinitions>
  <TestEntries>
    <TestEntry testId="b832a65d-a074-9b5b-83a0-90ab4bc23fe1" executionId="36d95479-9c47-4998-a479-e69e57722cd6" testListId="8c84fa94-04c1-424b-9868-57a2d4851a1d" />
    <TestEntry testId="0fd393d9-7a9a-d6be-c542-59ecc543d4a3" executionId="b80d0153-0b71-4b8b-8820-84db6c0a00ab" testListId="8c84fa94-04c1-424b-9868-57a2d4851a1d" />
  </TestEntries>
  <TestLists>
    <TestList name="Results Not in a List" id="8c84fa94-04c1-424b-9868-57a2d4851a1d" />
    <TestList name="All Loaded Results" id="19431567-8539-422a-85d7-44ee4e166bda" />
  </TestLists>
  <ResultSummary outcome="Failed">
    <Counters total="2" executed="2" passed="0" failed="2" error="0" timeout="0" aborted="0" inconclusive="0" passedButRunAborted="0" notRunnable="0" notExecuted="0" disconnected="0" warning="0" completed="0" inProgress="0" pending="0" />
    <Output>
      <StdOut>NUnit Adapter 5.2.0.0: Test execution started&#xD;
Running all tests in E:\Visual Studio Projects\TestProject\casino-games-automation\src\Casino.Games\bin\Debug\net9.0\Casino.Games.dll&#xD;
   NUnit3TestExecutor discovered 2 of 2 NUnit test cases using Current Discovery mode, Non-Explicit run&#xD;
[PlaywrightDriver] Created Desktop context (headed).&#xD;
[IrishWildsPage] Navigated to products: https://www.spinberry.com/#products&#xD;
[IrishWildsPage] Accepted cookies.&#xD;
[IrishWildsPage] Found 'Play game' link. Clicking...&#xD;
[IrishWildsPage] Popup detected after Play game. Url: https://d21j22mhfwmuah.cloudfront.net/0Debug/SB_HTML5_IrishWilds94/index.html?gameCode=SB_HTML5_IrishWilds94&amp;token=DEMO_PP_78a4d621-d0ae-4fe6-adf4-2a52ffbc0a21&amp;homeUrl=spinberrysite&amp;rgsUrl=https://rgstorgs.stage.pariplaygames.com&amp;lang=EN&amp;DebugMode=False&amp;currencyCode=USD&amp;disableRotation=False&amp;ExtraData=networkId%3dPP&amp;HideCoins=True&amp;CoinsDefault=True&#xD;
[IrishWildsPage] On game host page: https://d21j22mhfwmuah.cloudfront.net/0Debug/SB_HTML5_IrishWilds94/index.html?gameCode=SB_HTML5_IrishWilds94&amp;token=DEMO_PP_78a4d621-d0ae-4fe6-adf4-2a52ffbc0a21&amp;homeUrl=spinberrysite&amp;rgsUrl=https://rgstorgs.stage.pariplaygames.com&amp;lang=EN&amp;DebugMode=False&amp;currencyCode=USD&amp;disableRotation=False&amp;ExtraData=networkId%3dPP&amp;HideCoins=True&amp;CoinsDefault=True&#xD;
[IrishWildsPage] Frames on current page: 1&#xD;
[IrishWildsPage] No specific iframe; using main frame.&#xD;
[IrishWildsPage] Initial game frame: https://d21j22mhfwmuah.cloudfront.net/0Debug/SB_HTML5_IrishWilds94/index.html?gameCode=SB_HTML5_IrishWilds94&amp;token=DEMO_PP_78a4d621-d0ae-4fe6-adf4-2a52ffbc0a21&amp;homeUrl=spinberrysite&amp;rgsUrl=https://rgstorgs.stage.pariplaygames.com&amp;lang=EN&amp;DebugMode=False&amp;currencyCode=USD&amp;disableRotation=False&amp;ExtraData=networkId%3dPP&amp;HideCoins=True&amp;CoinsDefault=True&#xD;
[IrishWildsPage] Intro Play button found. Clicking...&#xD;
[IrishWildsPage] No popup after intro Play, waiting for navigation...&#xD;
[IrishWildsPage] WaitForNavigation after intro Play failed: Timeout 15000ms exceeded.&#xD;
=========================== logs ===========================&#xD;
waiting for navigation until "NetworkIdle"&#xD;
============================================================&#xD;
[IrishWildsPage] Frames on current page: 1&#xD;
[IrishWildsPage] No specific iframe; using main frame.&#xD;
[IrishWildsPage] Game UI detected (balance &amp; spin present).&#xD;
[IrishWildsPage] (Balance) Using selector '[class*="balance" i], [id*="balance" i], [class*="credit" i]' (found 1).&#xD;
[IrishWildsPage] Balance: 2000.00 (BALANCE&#xD;
$2,000.00)&#xD;
[IrishWildsPage] (Stake/Bet) Using selector '[class*="bet" i], [class*="stake" i]' (found 3).&#xD;
[IrishWildsPage] Stake text is empty – returning 0 as fallback.&#xD;
[IrishWildsPage] (Balance) Using selector '[class*="balance" i], [id*="balance" i], [class*="credit" i]' (found 1).&#xD;
[IrishWildsPage] Balance: 2000.00 (BALANCE&#xD;
$2,000.00)&#xD;
[IrishWildsPage] PressSpaceForSpinAsync started.&#xD;
[IrishWildsPage] Canvas count = 1&#xD;
[IrishWildsPage] First canvas click for focus.&#xD;
[IrishWildsPage] JS Space injection executed.&#xD;
[IrishWildsPage] Second canvas click + Keyboard.Press(" ").&#xD;
[IrishWildsPage] PressSpaceForSpinAsync finished.&#xD;
[IrishWildsPage] (Balance) Using selector '[class*="balance" i], [id*="balance" i], [class*="credit" i]' (found 1).&#xD;
[IrishWildsPage] Balance: 1998.00 (BALANCE&#xD;
$1,998.00)&#xD;
[IrishWildsPage] Balance changed. Spin complete.&#xD;
[IrishWildsPage] (Balance) Using selector '[class*="balance" i], [id*="balance" i], [class*="credit" i]' (found 1).&#xD;
[IrishWildsPage] Balance: 1998.00 (BALANCE&#xD;
$1,998.00)&#xD;
[IrishWildsPage] (Balance) Using selector '[class*="balance" i], [id*="balance" i], [class*="credit" i]' (found 1).&#xD;
[IrishWildsPage] Balance: 1998.00 (BALANCE&#xD;
$1,998.00)&#xD;
[IrishWildsPage] PressSpaceForSpinAsync started.&#xD;
[IrishWildsPage] Canvas count = 1&#xD;
[IrishWildsPage] First canvas click for focus.&#xD;
[IrishWildsPage] JS Space injection executed.&#xD;
[IrishWildsPage] Second canvas click + Keyboard.Press(" ").&#xD;
[IrishWildsPage] PressSpaceForSpinAsync finished.&#xD;
[IrishWildsPage] (Balance) Using selector '[class*="balance" i], [id*="balance" i], [class*="credit" i]' (found 1).&#xD;
[IrishWildsPage] Balance: 1996.00 (BALANCE&#xD;
$1,996.00)&#xD;
[IrishWildsPage] Balance changed. Spin complete.&#xD;
[IrishWildsPage] (Balance) Using selector '[class*="balance" i], [id*="balance" i], [class*="credit" i]' (found 1).&#xD;
[IrishWildsPage] Balance: 1996.00 (BALANCE&#xD;
$1,996.00)&#xD;
[IrishWildsPage] (Balance) Using selector '[class*="balance" i], [id*="balance" i], [class*="credit" i]' (found 1).&#xD;
[IrishWildsPage] Balance: 1996.00 (BALANCE&#xD;
$1,996.00)&#xD;
[IrishWildsPage] PressSpaceForSpinAsync started.&#xD;
[IrishWildsPage] Canvas count = 1&#xD;
[IrishWildsPage] First canvas click for focus.&#xD;
[IrishWildsPage] JS Space injection executed.&#xD;
[IrishWildsPage] Second canvas click + Keyboard.Press(" ").&#xD;
[IrishWildsPage] PressSpaceForSpinAsync finished.&#xD;
[IrishWildsPage] (Balance) Using selector '[class*="balance" i], [id*="balance" i], [class*="credit" i]' (found 1).&#xD;
[IrishWildsPage] Balance: 1994.00 (BALANCE&#xD;
$1,994.00)&#xD;
[IrishWildsPage] Balance changed. Spin complete.&#xD;
[IrishWildsPage] (Balance) Using selector '[class*="balance" i], [id*="balance" i], [class*="credit" i]' (found 1).&#xD;
[IrishWildsPage] Balance: 1994.00 (BALANCE&#xD;
$1,994.00)&#xD;
[IrishWildsPage] (Balance) Using selector '[class*="balance" i], [id*="balance" i], [class*="credit" i]' (found 1).&#xD;
[IrishWildsPage] Balance: 1994.00 (BALANCE&#xD;
$1,994.00)&#xD;
[IrishWildsPage] PressSpaceForSpinAsync started.&#xD;
[IrishWildsPage] Canvas count = 1&#xD;
[IrishWildsPage] First canvas click for focus.&#xD;
[IrishWildsPage] JS Space injection executed.&#xD;
[IrishWildsPage] Second canvas click + Keyboard.Press(" ").&#xD;
[IrishWildsPage] PressSpaceForSpinAsync finished.&#xD;
[IrishWildsPage] (Balance) Using selector '[class*="balance" i], [id*="balance" i], [class*="credit" i]' (found 1).&#xD;
[IrishWildsPage] Balance: 1993.80 (BALANCE&#xD;
$1,993.80)&#xD;
[IrishWildsPage] Balance changed. Spin complete.&#xD;
[IrishWildsPage] (Balance) Using selector '[class*="balance" i], [id*="balance" i], [class*="credit" i]' (found 1).&#xD;
[IrishWildsPage] Balance: 1993.80 (BALANCE&#xD;
$1,993.80)&#xD;
[IrishWildsPage] (Balance) Using selector '[class*="balance" i], [id*="balance" i], [class*="credit" i]' (found 1).&#xD;
[IrishWildsPage] Balance: 1993.80 (BALANCE&#xD;
$1,993.80)&#xD;
[IrishWildsPage] PressSpaceForSpinAsync started.&#xD;
[IrishWildsPage] Canvas count = 1&#xD;
[IrishWildsPage] First canvas click for focus.&#xD;
[IrishWildsPage] JS Space injection executed.&#xD;
[IrishWildsPage] Second canvas click + Keyboard.Press(" ").&#xD;
[IrishWildsPage] PressSpaceForSpinAsync finished.&#xD;
[IrishWildsPage] (Balance) Using selector '[class*="balance" i], [id*="balance" i], [class*="credit" i]' (found 1).&#xD;
[IrishWildsPage] Balance: 1991.80 (BALANCE&#xD;
$1,991.80)&#xD;
[IrishWildsPage] Balance changed. Spin complete.&#xD;
[IrishWildsPage] (Balance) Using selector '[class*="balance" i], [id*="balance" i], [class*="credit" i]' (found 1).&#xD;
[IrishWildsPage] Balance: 1991.80 (BALANCE&#xD;
$1,991.80)&#xD;
[IrishWildsPage] (Balance) Using selector '[class*="balance" i], [id*="balance" i], [class*="credit" i]' (found 1).&#xD;
[IrishWildsPage] Balance: 1991.80 (BALANCE&#xD;
$1,991.80)&#xD;
&#xD;
[PlaywrightDriver] Created Mobile context (iPhone 13 Pro emulation).&#xD;
[IrishWildsPage] Navigated to products: https://www.spinberry.com/#products&#xD;
[IrishWildsPage] Accepted cookies.&#xD;
[IrishWildsPage] Found 'Play game' link. Clicking...&#xD;
[IrishWildsPage] No popup after Play game (or timeout): Element is not visible&#xD;
Call log:&#xD;
  - waiting for Locator("//h4[normalize-space()='Irish Wilds']/following::a[contains(@class,'showreel') and contains(@class,'play')][1]").First&#xD;
    - locator resolved to &lt;a target="_blank" class="showreel play" rel="noopener noreferrer" href="https://tinyurl.com/39hjjjf3"&gt;…&lt;/a&gt;&#xD;
  - attempting click action&#xD;
    - scrolling into view if needed&#xD;
[IrishWildsPage] Navigating to fallback GameUrl.&#xD;
[IrishWildsPage] On game host page: https://d21j22mhfwmuah.cloudfront.net/0Debug/SB_HTML5_IrishWilds94/index.html?gameCode=SB_HTML5_IrishWilds94&amp;token=DEMO_PP_1bc470e2-8d2b-442a-8449-248be564050a&amp;homeUrl=spinberrysite&amp;rgsUrl=https://rgstorgs.stage.pariplaygames.com&amp;lang=EN&amp;DebugMode=False&amp;currencyCode=USD&amp;disableRotation=False&amp;ExtraData=networkId%3dPP&amp;HideCoins=True&amp;CoinsDefault=True&#xD;
[IrishWildsPage] Frames on current page: 1&#xD;
[IrishWildsPage] No specific iframe; using main frame.&#xD;
[IrishWildsPage] Initial game frame: https://d21j22mhfwmuah.cloudfront.net/0Debug/SB_HTML5_IrishWilds94/index.html?gameCode=SB_HTML5_IrishWilds94&amp;token=DEMO_PP_1bc470e2-8d2b-442a-8449-248be564050a&amp;homeUrl=spinberrysite&amp;rgsUrl=https://rgstorgs.stage.pariplaygames.com&amp;lang=EN&amp;DebugMode=False&amp;currencyCode=USD&amp;disableRotation=False&amp;ExtraData=networkId%3dPP&amp;HideCoins=True&amp;CoinsDefault=True&#xD;
[IrishWildsPage] Intro Play button found. Clicking...&#xD;
[IrishWildsPage] No popup after intro Play, waiting for navigation...&#xD;
[IrishWildsPage] WaitForNavigation after intro Play failed: Timeout 15000ms exceeded.&#xD;
=========================== logs ===========================&#xD;
waiting for navigation until "NetworkIdle"&#xD;
============================================================&#xD;
[IrishWildsPage] Frames on current page: 1&#xD;
[IrishWildsPage] No specific iframe; using main frame.&#xD;
[IrishWildsPage] Game UI detected (balance &amp; spin present).&#xD;
[IrishWildsPage] (Balance) Using selector '[class*="balance" i], [id*="balance" i], [class*="credit" i]' (found 1).&#xD;
[IrishWildsPage] Balance: 2000.00 (BALANCE&#xD;
$2,000.00)&#xD;
[IrishWildsPage] (Stake/Bet) Using selector '[class*="bet" i], [class*="stake" i]' (found 3).&#xD;
[IrishWildsPage] Stake text is empty – returning 0 as fallback.&#xD;
[IrishWildsPage] (Balance) Using selector '[class*="balance" i], [id*="balance" i], [class*="credit" i]' (found 1).&#xD;
[IrishWildsPage] Balance: 2000.00 (BALANCE&#xD;
$2,000.00)&#xD;
[IrishWildsPage] PressSpaceForSpinAsync started.&#xD;
[IrishWildsPage] Canvas count = 1&#xD;
[IrishWildsPage] First canvas click for focus.&#xD;
[IrishWildsPage] JS Space injection executed.&#xD;
[IrishWildsPage] Second canvas click + Keyboard.Press(" ").&#xD;
[IrishWildsPage] PressSpaceForSpinAsync finished.&#xD;
[IrishWildsPage] (Balance) Using selector '[class*="balance" i], [id*="balance" i], [class*="credit" i]' (found 1).&#xD;
[IrishWildsPage] Balance: 1998.00 (BALANCE&#xD;
$1,998.00)&#xD;
[IrishWildsPage] Balance changed. Spin complete.&#xD;
[IrishWildsPage] (Balance) Using selector '[class*="balance" i], [id*="balance" i], [class*="credit" i]' (found 1).&#xD;
[IrishWildsPage] Balance: 1998.00 (BALANCE&#xD;
$1,998.00)&#xD;
[IrishWildsPage] (Balance) Using selector '[class*="balance" i], [id*="balance" i], [class*="credit" i]' (found 1).&#xD;
[IrishWildsPage] Balance: 1998.00 (BALANCE&#xD;
$1,998.00)&#xD;
[IrishWildsPage] PressSpaceForSpinAsync started.&#xD;
[IrishWildsPage] Canvas count = 1&#xD;
[IrishWildsPage] First canvas click for focus.&#xD;
[IrishWildsPage] JS Space injection executed.&#xD;
[IrishWildsPage] Second canvas click + Keyboard.Press(" ").&#xD;
[IrishWildsPage] PressSpaceForSpinAsync finished.&#xD;
[IrishWildsPage] (Balance) Using selector '[class*="balance" i], [id*="balance" i], [class*="credit" i]' (found 1).&#xD;
[IrishWildsPage] Balance: 1996.00 (BALANCE&#xD;
$1,996.00)&#xD;
[IrishWildsPage] Balance changed. Spin complete.&#xD;
[IrishWildsPage] (Balance) Using selector '[class*="balance" i], [id*="balance" i], [class*="credit" i]' (found 1).&#xD;
[IrishWildsPage] Balance: 1996.00 (BALANCE&#xD;
$1,996.00)&#xD;
[IrishWildsPage] (Balance) Using selector '[class*="balance" i], [id*="balance" i], [class*="credit" i]' (found 1).&#xD;
[IrishWildsPage] Balance: 1996.00 (BALANCE&#xD;
$1,996.00)&#xD;
[IrishWildsPage] PressSpaceForSpinAsync started.&#xD;
[IrishWildsPage] Canvas count = 1&#xD;
[IrishWildsPage] First canvas click for focus.&#xD;
[IrishWildsPage] JS Space injection executed.&#xD;
[IrishWildsPage] Second canvas click + Keyboard.Press(" ").&#xD;
[IrishWildsPage] PressSpaceForSpinAsync finished.&#xD;
[IrishWildsPage] (Balance) Using selector '[class*="balance" i], [id*="balance" i], [class*="credit" i]' (found 1).&#xD;
[IrishWildsPage] Balance: 1994.00 (BALANCE&#xD;
$1,994.00)&#xD;
[IrishWildsPage] Balance changed. Spin complete.&#xD;
[IrishWildsPage] (Balance) Using selector '[class*="balance" i], [id*="balance" i], [class*="credit" i]' (found 1).&#xD;
[IrishWildsPage] Balance: 1994.00 (BALANCE&#xD;
$1,994.00)&#xD;
[IrishWildsPage] (Balance) Using selector '[class*="balance" i], [id*="balance" i], [class*="credit" i]' (found 1).&#xD;
[IrishWildsPage] Balance: 1994.00 (BALANCE&#xD;
$1,994.00)&#xD;
[IrishWildsPage] PressSpaceForSpinAsync started.&#xD;
[IrishWildsPage] Canvas count = 1&#xD;
[IrishWildsPage] First canvas click for focus.&#xD;
[IrishWildsPage] JS Space injection executed.&#xD;
[IrishWildsPage] Second canvas click + Keyboard.Press(" ").&#xD;
[IrishWildsPage] PressSpaceForSpinAsync finished.&#xD;
[IrishWildsPage] (Balance) Using selector '[class*="balance" i], [id*="balance" i], [class*="credit" i]' (found 1).&#xD;
[IrishWildsPage] Balance: 1992.00 (BALANCE&#xD;
$1,992.00)&#xD;
[IrishWildsPage] Balance changed. Spin complete.&#xD;
[IrishWildsPage] (Balance) Using selector '[class*="balance" i], [id*="balance" i], [class*="credit" i]' (found 1).&#xD;
[IrishWildsPage] Balance: 1992.00 (BALANCE&#xD;
$1,992.00)&#xD;
[IrishWildsPage] (Balance) Using selector '[class*="balance" i], [id*="balance" i], [class*="credit" i]' (found 1).&#xD;
[IrishWildsPage] Balance: 1992.00 (BALANCE&#xD;
$1,992.00)&#xD;
[IrishWildsPage] PressSpaceForSpinAsync started.&#xD;
[IrishWildsPage] Canvas count = 1&#xD;
[IrishWildsPage] First canvas click for focus.&#xD;
[IrishWildsPage] JS Space injection executed.&#xD;
[IrishWildsPage] Second canvas click + Keyboard.Press(" ").&#xD;
[IrishWildsPage] PressSpaceForSpinAsync finished.&#xD;
[IrishWildsPage] (Balance) Using selector '[class*="balance" i], [id*="balance" i], [class*="credit" i]' (found 1).&#xD;
[IrishWildsPage] Balance: 1992.00 (BALANCE&#xD;
$1,992.00)&#xD;
[IrishWildsPage] (Balance) Using selector '[class*="balance" i], [id*="balance" i], [class*="credit" i]' (found 1).&#xD;
[IrishWildsPage] Balance: 1992.00 (BALANCE&#xD;
$1,992.00)&#xD;
[IrishWildsPage] (Balance) Using selector '[class*="balance" i], [id*="balance" i], [class*="credit" i]' (found 1).&#xD;
[IrishWildsPage] Balance: 1992.00 (BALANCE&#xD;
$1,992.00)&#xD;
[IrishWildsPage] (Balance) Using selector '[class*="balance" i], [id*="balance" i], [class*="credit" i]' (found 1).&#xD;
[IrishWildsPage] Balance: 2010.20 (BALANCE&#xD;
$2,010.20)&#xD;
[IrishWildsPage] Balance changed. Spin complete.&#xD;
[IrishWildsPage] (Balance) Using selector '[class*="balance" i], [id*="balance" i], [class*="credit" i]' (found 1).&#xD;
[IrishWildsPage] Balance: 2010.20 (BALANCE&#xD;
$2,010.20)&#xD;
[IrishWildsPage] (Balance) Using selector '[class*="balance" i], [id*="balance" i], [class*="credit" i]' (found 1).&#xD;
[IrishWildsPage] Balance: 2010.20 (BALANCE&#xD;
$2,010.20)&#xD;
&#xD;
NUnit Adapter 5.2.0.0: Test execution complete&#xD;
</StdOut>
    </Output>
  </ResultSummary>
</TestRun>